 
 *******************************************************************************
 ******************** C F D - F A S T R A N - S O L V E R  *********************
 *******************************************************************************
 
 Date                       : 12/11/2017 11:39:49
 DTF File Name              : RAM_C_II.DTF
 CFD-FASTRAN-GUI Version    : V2017.0.0
 CFD-FASTRAN-SOLVER Version : V2017.0.0.6 DTF V7.8.10 01/20/2017 16:37:31
 Build platform             : KELVIN pc-windows-nt6-x86_64 CYGWIN_NT-6.1-WOW64 1.7.18(0.263/5/3) i686
 Working Simulation Number  : 1
 System Information          
                Machine Name: SLICK
                OS Name     : 
                OS Release  : 
                OS Version  : 
 
 *******************************************************************************
 ************************ I N P U T   S U M M A R Y ****************************
 *******************************************************************************
 -------------------------------------------------------------------------------
                          FASTRAN Model Description                             
 -------------------------------------------------------------------------------
 Model Name       :  RAM_C_II
 Problem Title    :  None
 Geometry Scaling :  1.000
 File Source      :  CFD-GEOM V2017.0.0.7
 File DTF Version :  7.8.10
 
 -------------------------------------------------------------------------------
                          Problem Specifications                                
 -------------------------------------------------------------------------------
 NZONES    NCYCLES    STEADY    NSUBCYCLES   AXI-SYM    OVERSET
      1       5000         0             1         F          0
 
 -------------------------------------------------------------------------------
                          Function Definition / Timing                          
 -------------------------------------------------------------------------------
 MOTION_MODELS    START_TIME    END_TIME    PLOT_FORMAT   FORCE_SUMMARIES
             0     0.000E+00   0.100E+01              1              0
 MONITOR_POINTS    FORCE_BY_SECTIONS
              0                    0
 
 -------------------------------------------------------------------------------
                          Cycle Output-Control Flags                            
 -------------------------------------------------------------------------------
 RESTART FREQ   UNIQUE FILES   CHIMERA HOLE-CUT FREQ   6DOF OUTPUT FREQ  
          200              F                   Never                  1
 
 -------------------------------------------------------------------------------
                          Tolerances                                            
 -------------------------------------------------------------------------------
 TINY_LIMIT     BIG_LIMIT    GEOM_MINIMUM    CONVERGENCE_EPSILON
  0.100E-19     0.100E+21       0.100E-19              0.100E-19
 
 -------------------------------------------------------------------------------
                          Tolerances for Chimera Hole Cutting                   
 -------------------------------------------------------------------------------
 EPSILON_DIST    EPSILON_AREA    EPSILON_RATIO
    0.100E-13       0.100E-04        0.100E-04
 
 -------------------------------------------------------------------------------
                          Thermo and Transport                                  
 -------------------------------------------------------------------------------
 Gas_Model
  4 (reacting)
 Coupled
 T
 Thermo-database    Number-of-Species    Number-of-Mixtures
            1 (molecular)                     7                     1
 
 -------------------------------------------------------------------------------
                          Gaseous Species List
 -------------------------------------------------------------------------------
 N2                                                                              
 N                                                                               
 O2                                                                              
 O                                                                               
 NO                                                                              
 NO+                                                                             
 E                                                                               
 
 -------------------------------------------------------------------------------
                          Mixture Definitions
 -------------------------------------------------------------------------------
 Mixture #  1: 'Candler_MacCormack'
 Species Name         Mass Fraction
              N2      0.79000    
               N       0.0000    
              O2      0.21000    
               O       0.0000    
              NO       0.0000    
             NO+       0.0000    
               E       0.0000    
 
 -------------------------------------------------------------------------------
                          Reaction Definition
 -------------------------------------------------------------------------------
 REACTION NAME            :  Candler_MacCormack
 NUMBER OF REACTION STEPS :     6
 
 REACTION STEP   1
    REACTION RATE TYPE : ARRHENIUS
      Reactant           Stiochiometric Coefficient
      N2                 0.10000E+01
      N                  0.00000E+00
      O2                 0.00000E+00
      O                  0.00000E+00
      NO                 0.00000E+00
      NO+                0.00000E+00
      E                  0.00000E+00
      Product           Stiochiometric Coefficient
      N2                 0.00000E+00
      N                  0.20000E+01
      O2                 0.00000E+00
      O                  0.00000E+00
      NO                 0.00000E+00
      NO+                0.00000E+00
      E                  0.00000E+00
    FORWARD RATE CONSTANTS
      Pre-exponent             (A):    0.70000E+19
      Temperature Exponent     (n):   -0.16000E+01
      Activation Temperature (E/R):    0.11320E+06
    THIRD BODY EFFICIENCIES
      Species Name         Efficiency
      N2                   0.10000E+01
      N                    0.30000E+01
      O2                   0.10000E+01
      O                    0.30000E+01
      NO                   0.10000E+01
      NO+                  0.00000E+00
      E                    0.10000E+01
    BACKWARD RATE BY EQUILIBRIUM
 
 REACTION STEP   2
    REACTION RATE TYPE : ARRHENIUS
      Reactant           Stiochiometric Coefficient
      N2                 0.00000E+00
      N                  0.00000E+00
      O2                 0.10000E+01
      O                  0.00000E+00
      NO                 0.00000E+00
      NO+                0.00000E+00
      E                  0.00000E+00
      Product           Stiochiometric Coefficient
      N2                 0.00000E+00
      N                  0.00000E+00
      O2                 0.00000E+00
      O                  0.20000E+01
      NO                 0.00000E+00
      NO+                0.00000E+00
      E                  0.00000E+00
    FORWARD RATE CONSTANTS
      Pre-exponent             (A):    0.20000E+19
      Temperature Exponent     (n):   -0.15000E+01
      Activation Temperature (E/R):    0.59500E+05
    THIRD BODY EFFICIENCIES
      Species Name         Efficiency
      N2                   0.10000E+01
      N                    0.30000E+01
      O2                   0.10000E+01
      O                    0.30000E+01
      NO                   0.10000E+01
      NO+                  0.00000E+00
      E                    0.10000E+01
    BACKWARD RATE BY EQUILIBRIUM
 
 REACTION STEP   3
    REACTION RATE TYPE : ARRHENIUS
      Reactant           Stiochiometric Coefficient
      N2                 0.00000E+00
      N                  0.00000E+00
      O2                 0.00000E+00
      O                  0.00000E+00
      NO                 0.10000E+01
      NO+                0.00000E+00
      E                  0.00000E+00
      Product           Stiochiometric Coefficient
      N2                 0.00000E+00
      N                  0.10000E+01
      O2                 0.00000E+00
      O                  0.10000E+01
      NO                 0.00000E+00
      NO+                0.00000E+00
      E                  0.00000E+00
    FORWARD RATE CONSTANTS
      Pre-exponent             (A):    0.50000E+13
      Temperature Exponent     (n):    0.00000E+00
      Activation Temperature (E/R):    0.75500E+05
    THIRD BODY EFFICIENCIES
      Species Name         Efficiency
      N2                   0.10000E+01
      N                    0.20000E+01
      O2                   0.10000E+01
      O                    0.20000E+01
      NO                   0.10000E+01
      NO+                  0.00000E+00
      E                    0.10000E+01
    BACKWARD RATE BY EQUILIBRIUM
 
 REACTION STEP   4
    REACTION RATE TYPE : ARRHENIUS
      Reactant           Stiochiometric Coefficient
      N2                 0.10000E+01
      N                  0.00000E+00
      O2                 0.00000E+00
      O                  0.10000E+01
      NO                 0.00000E+00
      NO+                0.00000E+00
      E                  0.00000E+00
      Product           Stiochiometric Coefficient
      N2                 0.00000E+00
      N                  0.10000E+01
      O2                 0.00000E+00
      O                  0.00000E+00
      NO                 0.10000E+01
      NO+                0.00000E+00
      E                  0.00000E+00
    FORWARD RATE CONSTANTS
      Pre-exponent             (A):    0.64400E+15
      Temperature Exponent     (n):   -0.10000E+01
      Activation Temperature (E/R):    0.38400E+05
    BACKWARD RATE BY EQUILIBRIUM
 
 REACTION STEP   5
    REACTION RATE TYPE : ARRHENIUS
      Reactant           Stiochiometric Coefficient
      N2                 0.00000E+00
      N                  0.00000E+00
      O2                 0.00000E+00
      O                  0.10000E+01
      NO                 0.10000E+01
      NO+                0.00000E+00
      E                  0.00000E+00
      Product           Stiochiometric Coefficient
      N2                 0.00000E+00
      N                  0.10000E+01
      O2                 0.10000E+01
      O                  0.00000E+00
      NO                 0.00000E+00
      NO+                0.00000E+00
      E                  0.00000E+00
    FORWARD RATE CONSTANTS
      Pre-exponent             (A):    0.83700E+10
      Temperature Exponent     (n):    0.00000E+00
      Activation Temperature (E/R):    0.19400E+05
    BACKWARD RATE BY EQUILIBRIUM
 
 REACTION STEP   6
    REACTION RATE TYPE : ARRHENIUS
      Reactant           Stiochiometric Coefficient
      N2                 0.00000E+00
      N                  0.10000E+01
      O2                 0.00000E+00
      O                  0.10000E+01
      NO                 0.00000E+00
      NO+                0.00000E+00
      E                  0.00000E+00
      Product           Stiochiometric Coefficient
      N2                 0.00000E+00
      N                  0.00000E+00
      O2                 0.00000E+00
      O                  0.00000E+00
      NO                 0.00000E+00
      NO+                0.10000E+01
      E                  0.10000E+01
    FORWARD RATE CONSTANTS
      Pre-exponent             (A):    0.15300E+07
      Temperature Exponent     (n):    0.37000E+00
      Activation Temperature (E/R):    0.32000E+04
    BACKWARD RATE BY EQUILIBRIUM
 
 -------------------------------------------------------------------------------
                          Zone Control                                          
 -------------------------------------------------------------------------------
 Zone Number  Subcycles   CFL_Start/dt    CFL_End/dt    Ramping Cycles
           1          1      0.100E-02     0.100E-01              2000
 
 -------------------------------------------------------------------------------
                          ZONE:            1
 -------------------------------------------------------------------------------
 Zone  CellType  Chimera  Moves/Deforms  T_Scheme  nStage  Inner  Inntol
    1         1        0              0         6       1     40   0.10E-03
 Ivisc   Flux   S_scheme   Limit_N   Limit_L    Entf_L    Entf_N    Kappa
     0      1          4         1         1      0.30      0.30     0.00
 Initial solution will be read from the DTF file.
 
 *******************************************************************************
 ************************** M E S H   S U M M A R Y ****************************
 *******************************************************************************
 
 Grid Type: Quadrilaterals/Structured
 
      Zone   I-Dimension   J-Dimension   K-Dimension    Cells
      ----   -----------   -----------   -----------    -----
        1          40           200             2        7761
 
 Total Cell Count:         7761
 
 *******************************************************************************
 ******************* S I M U L A T I O N   S T A R T U P ***********************
 *******************************************************************************
 
 
 --- Allocating Q, XYZ, AREA, VOL 
 
     Allocated  0.219     8-byte MWords for zone    1
 
 --- Estimating memory for time-integration
 
     Requires   1.01     8-byte MWords
 
 --- Allocating IBLANK, IFPOIN, ICPOIN, IFCELL
 
     Allocated  0.160E-01 4-byte MWords for zone    1
 
 --- TOTAL:      1.228 8-byte MWords.
 --- TOTAL:      0.016 4-byte MWords.
 --- SUM TOTAL:      9.891 MBytes.
 
 *******************************************************************************
 ******************** S I M U L A T I O N   O U T P U T ************************
 *******************************************************************************
 
 ZONE    ITER     CHANGE_Q  CHANGE_CHEM     RES_IMPF        DTMIN        DTMAX    FLOW_TIME     CPU_TIME
     1   20001   8.8715E-06   3.6510E-06   7.2469E-05   9.9183E-12   9.9183E-12   1.3384E-06   3.0928E+03
     1   20002   8.8727E-06   3.6509E-06   7.2470E-05   9.9183E-12   9.9183E-12   1.3384E-06   3.0930E+03
     1   20003   8.8741E-06   3.6508E-06   7.2471E-05   9.9184E-12   9.9184E-12   1.3384E-06   3.0931E+03
     1   20004   8.8755E-06   3.6507E-06   7.2472E-05   9.9185E-12   9.9185E-12   1.3384E-06   3.0933E+03
     1   20005   8.8769E-06   3.6506E-06   7.2473E-05   9.9187E-12   9.9187E-12   1.3384E-06   3.0935E+03
     1   20006   8.8784E-06   3.6505E-06   7.2475E-05   9.9189E-12   9.9189E-12   1.3384E-06   3.0937E+03
     1   20007   8.8799E-06   3.6505E-06   7.2478E-05   9.9191E-12   9.9191E-12   1.3384E-06   3.0938E+03
     1   20008   8.8814E-06   3.6504E-06   7.2480E-05   9.9194E-12   9.9194E-12   1.3384E-06   3.0940E+03
     1   20009   8.8830E-06   3.6504E-06   7.2483E-05   9.9198E-12   9.9198E-12   1.3384E-06   3.0942E+03
     1   20010   8.8847E-06   3.6504E-06   7.2486E-05   9.9202E-12   9.9202E-12   1.3384E-06   3.0944E+03
     1   20011   8.8864E-06   3.6504E-06   7.2490E-05   9.9206E-12   9.9206E-12   1.3385E-06   3.0946E+03
     1   20012   8.8881E-06   3.6504E-06   7.2493E-05   9.9211E-12   9.9211E-12   1.3385E-06   3.0948E+03
     1   20013   8.8899E-06   3.6505E-06   7.2497E-05   9.9216E-12   9.9216E-12   1.3385E-06   3.0950E+03
     1   20014   8.8918E-06   3.6506E-06   7.2502E-05   9.9221E-12   9.9221E-12   1.3385E-06   3.0951E+03
     1   20015   8.8936E-06   3.6506E-06   7.2507E-05   9.9227E-12   9.9227E-12   1.3385E-06   3.0954E+03
     1   20016   8.8956E-06   3.6507E-06   7.2512E-05   9.9234E-12   9.9234E-12   1.3385E-06   3.0955E+03
     1   20017   8.8975E-06   3.6508E-06   7.2517E-05   9.9241E-12   9.9241E-12   1.3385E-06   3.0957E+03
     1   20018   8.8996E-06   3.6510E-06   7.2523E-05   9.9248E-12   9.9248E-12   1.3385E-06   3.0958E+03
     1   20019   8.9016E-06   3.6511E-06   7.2529E-05   9.9256E-12   9.9256E-12   1.3385E-06   3.0960E+03
     1   20020   8.9038E-06   3.6513E-06   7.2536E-05   9.9264E-12   9.9264E-12   1.3385E-06   3.0962E+03
     1   20021   8.9059E-06   3.6515E-06   7.2542E-05   9.9273E-12   9.9273E-12   1.3386E-06   3.0964E+03
     1   20022   8.9081E-06   3.6517E-06   7.2549E-05   9.9282E-12   9.9282E-12   1.3386E-06   3.0965E+03
     1   20023   8.9104E-06   3.6519E-06   7.2557E-05   9.9292E-12   9.9292E-12   1.3386E-06   3.0967E+03
     1   20024   8.9127E-06   3.6521E-06   7.2565E-05   9.9302E-12   9.9302E-12   1.3386E-06   3.0968E+03
     1   20025   8.9150E-06   3.6523E-06   7.2573E-05   9.9312E-12   9.9312E-12   1.3386E-06   3.0970E+03
     1   20026   8.9174E-06   3.6526E-06   7.2581E-05   9.9323E-12   9.9323E-12   1.3386E-06   3.0972E+03
     1   20027   8.9199E-06   3.6529E-06   7.2590E-05   9.9335E-12   9.9335E-12   1.3386E-06   3.0973E+03
     1   20028   8.9223E-06   3.6532E-06   7.2599E-05   9.9347E-12   9.9347E-12   1.3386E-06   3.0975E+03
     1   20029   8.9249E-06   3.6535E-06   7.2608E-05   9.9359E-12   9.9359E-12   1.3386E-06   3.0976E+03
     1   20030   8.9275E-06   3.6538E-06   7.2618E-05   9.9372E-12   9.9372E-12   1.3386E-06   3.0978E+03
     1   20031   8.9301E-06   3.6542E-06   7.2628E-05   9.9385E-12   9.9385E-12   1.3387E-06   3.0979E+03
     1   20032   8.9328E-06   3.6545E-06   7.2638E-05   9.9399E-12   9.9399E-12   1.3387E-06   3.0981E+03
     1   20033   8.9355E-06   3.6549E-06   7.2649E-05   9.9413E-12   9.9413E-12   1.3387E-06   3.0983E+03
     1   20034   8.9382E-06   3.6553E-06   7.2660E-05   9.9427E-12   9.9427E-12   1.3387E-06   3.0984E+03
     1   20035   8.9411E-06   3.6557E-06   7.2671E-05   9.9442E-12   9.9442E-12   1.3387E-06   3.0986E+03
     1   20036   8.9439E-06   3.6561E-06   7.2683E-05   9.9458E-12   9.9458E-12   1.3387E-06   3.0987E+03
     1   20037   8.9468E-06   3.6566E-06   7.2695E-05   9.9473E-12   9.9473E-12   1.3387E-06   3.0989E+03
     1   20038   8.9498E-06   3.6570E-06   7.2707E-05   9.9490E-12   9.9490E-12   1.3387E-06   3.0990E+03
     1   20039   8.9528E-06   3.6575E-06   7.2720E-05   9.9507E-12   9.9507E-12   1.3387E-06   3.0992E+03
     1   20040   8.9558E-06   3.6580E-06   7.2733E-05   9.9524E-12   9.9524E-12   1.3387E-06   3.0994E+03
     1   20041   8.9589E-06   3.6585E-06   7.2746E-05   9.9541E-12   9.9541E-12   1.3388E-06   3.0996E+03
     1   20042   8.9621E-06   3.6590E-06   7.2760E-05   9.9560E-12   9.9560E-12   1.3388E-06   3.0997E+03
     1   20043   8.9653E-06   3.6596E-06   7.2774E-05   9.9578E-12   9.9578E-12   1.3388E-06   3.0999E+03
     1   20044   8.9685E-06   3.6601E-06   7.2788E-05   9.9597E-12   9.9597E-12   1.3388E-06   3.1000E+03
     1   20045   8.9718E-06   3.6607E-06   7.2803E-05   9.9617E-12   9.9617E-12   1.3388E-06   3.1002E+03
     1   20046   8.9752E-06   3.6613E-06   7.2818E-05   9.9636E-12   9.9636E-12   1.3388E-06   3.1004E+03
     1   20047   8.9785E-06   3.6619E-06   7.2833E-05   9.9657E-12   9.9657E-12   1.3388E-06   3.1005E+03
     1   20048   8.9820E-06   3.6625E-06   7.2848E-05   9.9678E-12   9.9678E-12   1.3388E-06   3.1007E+03
     1   20049   8.9854E-06   3.6632E-06   7.2864E-05   9.9699E-12   9.9699E-12   1.3388E-06   3.1009E+03
     1   20050   8.9890E-06   3.6638E-06   7.2881E-05   9.9720E-12   9.9720E-12   1.3388E-06   3.1011E+03
     1   20051   8.9925E-06   3.6645E-06   7.2897E-05   9.9743E-12   9.9743E-12   1.3389E-06   3.1012E+03
     1   20052   8.9962E-06   3.6652E-06   7.2914E-05   9.9765E-12   9.9765E-12   1.3389E-06   3.1014E+03
     1   20053   8.9998E-06   3.6659E-06   7.2931E-05   9.9788E-12   9.9788E-12   1.3389E-06   3.1016E+03
     1   20054   9.0036E-06   3.6666E-06   7.2949E-05   9.9812E-12   9.9812E-12   1.3389E-06   3.1017E+03
     1   20055   9.0073E-06   3.6674E-06   7.2967E-05   9.9836E-12   9.9836E-12   1.3389E-06   3.1019E+03
     1   20056   9.0111E-06   3.6681E-06   7.2985E-05   9.9860E-12   9.9860E-12   1.3389E-06   3.1021E+03
     1   20057   9.0150E-06   3.6689E-06   7.3003E-05   9.9885E-12   9.9885E-12   1.3389E-06   3.1022E+03
     1   20058   9.0189E-06   3.6697E-06   7.3022E-05   9.9910E-12   9.9910E-12   1.3389E-06   3.1024E+03
     1   20059   9.0229E-06   3.6705E-06   7.3042E-05   9.9936E-12   9.9936E-12   1.3389E-06   3.1025E+03
     1   20060   9.0269E-06   3.6713E-06   7.3061E-05   9.9962E-12   9.9962E-12   1.3389E-06   3.1027E+03
     1   20061   9.0309E-06   3.6721E-06   7.3081E-05   9.9988E-12   9.9988E-12   1.3390E-06   3.1029E+03
     1   20062   9.0351E-06   3.6730E-06   7.3101E-05   1.0002E-11   1.0002E-11   1.3390E-06   3.1031E+03
     1   20063   9.0392E-06   3.6739E-06   7.3122E-05   1.0004E-11   1.0004E-11   1.3390E-06   3.1032E+03
     1   20064   9.0434E-06   3.6747E-06   7.3142E-05   1.0007E-11   1.0007E-11   1.3390E-06   3.1034E+03
     1   20065   9.0477E-06   3.6756E-06   7.3164E-05   1.0010E-11   1.0010E-11   1.3390E-06   3.1035E+03
     1   20066   9.0520E-06   3.6766E-06   7.3185E-05   1.0013E-11   1.0013E-11   1.3390E-06   3.1037E+03
     1   20067   9.0563E-06   3.6775E-06   7.3207E-05   1.0016E-11   1.0016E-11   1.3390E-06   3.1039E+03
     1   20068   9.0607E-06   3.6785E-06   7.3229E-05   1.0019E-11   1.0019E-11   1.3390E-06   3.1041E+03
     1   20069   9.0652E-06   3.6794E-06   7.3251E-05   1.0022E-11   1.0022E-11   1.3390E-06   3.1042E+03
     1   20070   9.0697E-06   3.6804E-06   7.3274E-05   1.0025E-11   1.0025E-11   1.3390E-06   3.1044E+03
     1   20071   9.0742E-06   3.6814E-06   7.3297E-05   1.0028E-11   1.0028E-11   1.3391E-06   3.1046E+03
     1   20072   9.0788E-06   3.6824E-06   7.3321E-05   1.0031E-11   1.0031E-11   1.3391E-06   3.1047E+03
     1   20073   9.0834E-06   3.6835E-06   7.3345E-05   1.0034E-11   1.0034E-11   1.3391E-06   3.1049E+03
     1   20074   9.0881E-06   3.6845E-06   7.3369E-05   1.0037E-11   1.0037E-11   1.3391E-06   3.1051E+03
     1   20075   9.0929E-06   3.6856E-06   7.3393E-05   1.0041E-11   1.0041E-11   1.3391E-06   3.1053E+03
     1   20076   9.0977E-06   3.6867E-06   7.3418E-05   1.0044E-11   1.0044E-11   1.3391E-06   3.1055E+03
     1   20077   9.1025E-06   3.6878E-06   7.3443E-05   1.0047E-11   1.0047E-11   1.3391E-06   3.1056E+03
     1   20078   9.1074E-06   3.6889E-06   7.3468E-05   1.0051E-11   1.0051E-11   1.3391E-06   3.1058E+03
     1   20079   9.1124E-06   3.6900E-06   7.3494E-05   1.0054E-11   1.0054E-11   1.3391E-06   3.1060E+03
     1   20080   9.1173E-06   3.6912E-06   7.3520E-05   1.0058E-11   1.0058E-11   1.3391E-06   3.1063E+03
     1   20081   9.1224E-06   3.6923E-06   7.3547E-05   1.0061E-11   1.0061E-11   1.3392E-06   3.1065E+03
     1   20082   9.1275E-06   3.6935E-06   7.3573E-05   1.0065E-11   1.0065E-11   1.3392E-06   3.1067E+03
     1   20083   9.1326E-06   3.6947E-06   7.3600E-05   1.0069E-11   1.0069E-11   1.3392E-06   3.1070E+03
     1   20084   9.1378E-06   3.6959E-06   7.3628E-05   1.0072E-11   1.0072E-11   1.3392E-06   3.1073E+03
     1   20085   9.1430E-06   3.6972E-06   7.3655E-05   1.0076E-11   1.0076E-11   1.3392E-06   3.1076E+03
     1   20086   9.1483E-06   3.6984E-06   7.3683E-05   1.0080E-11   1.0080E-11   1.3392E-06   3.1078E+03
     1   20087   9.1537E-06   3.6997E-06   7.3712E-05   1.0084E-11   1.0084E-11   1.3392E-06   3.1081E+03
     1   20088   9.1591E-06   3.7009E-06   7.3741E-05   1.0087E-11   1.0087E-11   1.3392E-06   3.1083E+03
     1   20089   9.1645E-06   3.7022E-06   7.3770E-05   1.0091E-11   1.0091E-11   1.3392E-06   3.1085E+03
     1   20090   9.1700E-06   3.7036E-06   7.3799E-05   1.0095E-11   1.0095E-11   1.3392E-06   3.1087E+03
     1   20091   9.1756E-06   3.7049E-06   7.3829E-05   1.0099E-11   1.0099E-11   1.3393E-06   3.1089E+03
     1   20092   9.1811E-06   3.7062E-06   7.3859E-05   1.0103E-11   1.0103E-11   1.3393E-06   3.1092E+03
     1   20093   9.1868E-06   3.7076E-06   7.3889E-05   1.0107E-11   1.0107E-11   1.3393E-06   3.1094E+03
     1   20094   9.1925E-06   3.7090E-06   7.3920E-05   1.0112E-11   1.0112E-11   1.3393E-06   3.1095E+03
     1   20095   9.1982E-06   3.7104E-06   7.3951E-05   1.0116E-11   1.0116E-11   1.3393E-06   3.1097E+03
     1   20096   9.2040E-06   3.7118E-06   7.3982E-05   1.0120E-11   1.0120E-11   1.3393E-06   3.1098E+03
     1   20097   9.2099E-06   3.7132E-06   7.4013E-05   1.0124E-11   1.0124E-11   1.3393E-06   3.1100E+03
     1   20098   9.2158E-06   3.7146E-06   7.4045E-05   1.0129E-11   1.0129E-11   1.3393E-06   3.1102E+03
     1   20099   9.2217E-06   3.7161E-06   7.4078E-05   1.0133E-11   1.0133E-11   1.3393E-06   3.1104E+03
     1   20100   9.2277E-06   3.7176E-06   7.4110E-05   1.0137E-11   1.0137E-11   1.3393E-06   3.1105E+03
     1   20101   9.2338E-06   3.7191E-06   7.4143E-05   1.0142E-11   1.0142E-11   1.3394E-06   3.1107E+03
     1   20102   9.2399E-06   3.7206E-06   7.4177E-05   1.0146E-11   1.0146E-11   1.3394E-06   3.1109E+03
     1   20103   9.2461E-06   3.7221E-06   7.4210E-05   1.0151E-11   1.0151E-11   1.3394E-06   3.1110E+03
     1   20104   9.2523E-06   3.7236E-06   7.4244E-05   1.0155E-11   1.0155E-11   1.3394E-06   3.1112E+03
     1   20105   9.2585E-06   3.7252E-06   7.4278E-05   1.0160E-11   1.0160E-11   1.3394E-06   3.1113E+03
     1   20106   9.2648E-06   3.7268E-06   7.4313E-05   1.0165E-11   1.0165E-11   1.3394E-06   3.1115E+03
     1   20107   9.2712E-06   3.7284E-06   7.4348E-05   1.0169E-11   1.0169E-11   1.3394E-06   3.1117E+03
     1   20108   9.2776E-06   3.7300E-06   7.4383E-05   1.0174E-11   1.0174E-11   1.3394E-06   3.1118E+03
     1   20109   9.2841E-06   3.7316E-06   7.4419E-05   1.0179E-11   1.0179E-11   1.3394E-06   3.1120E+03
     1   20110   9.2906E-06   3.7332E-06   7.4455E-05   1.0184E-11   1.0184E-11   1.3394E-06   3.1121E+03
     1   20111   9.2972E-06   3.7349E-06   7.4491E-05   1.0189E-11   1.0189E-11   1.3395E-06   3.1123E+03
     1   20112   9.3038E-06   3.7366E-06   7.4527E-05   1.0194E-11   1.0194E-11   1.3395E-06   3.1124E+03
     1   20113   9.3105E-06   3.7383E-06   7.4564E-05   1.0199E-11   1.0199E-11   1.3395E-06   3.1126E+03
     1   20114   9.3172E-06   3.7400E-06   7.4601E-05   1.0204E-11   1.0204E-11   1.3395E-06   3.1127E+03
     1   20115   9.3240E-06   3.7417E-06   7.4639E-05   1.0209E-11   1.0209E-11   1.3395E-06   3.1129E+03
     1   20116   9.3308E-06   3.7434E-06   7.4677E-05   1.0214E-11   1.0214E-11   1.3395E-06   3.1130E+03
     1   20117   9.3377E-06   3.7452E-06   7.4715E-05   1.0219E-11   1.0219E-11   1.3395E-06   3.1132E+03
     1   20118   9.3447E-06   3.7469E-06   7.4754E-05   1.0224E-11   1.0224E-11   1.3395E-06   3.1133E+03
     1   20119   9.3517E-06   3.7487E-06   7.4792E-05   1.0229E-11   1.0229E-11   1.3395E-06   3.1135E+03
     1   20120   9.3587E-06   3.7505E-06   7.4832E-05   1.0235E-11   1.0235E-11   1.3396E-06   3.1136E+03
     1   20121   9.3658E-06   3.7524E-06   7.4871E-05   1.0240E-11   1.0240E-11   1.3396E-06   3.1138E+03
     1   20122   9.3730E-06   3.7542E-06   7.4911E-05   1.0245E-11   1.0245E-11   1.3396E-06   3.1139E+03
     1   20123   9.3802E-06   3.7560E-06   7.4951E-05   1.0251E-11   1.0251E-11   1.3396E-06   3.1141E+03
     1   20124   9.3874E-06   3.7579E-06   7.4992E-05   1.0256E-11   1.0256E-11   1.3396E-06   3.1143E+03
     1   20125   9.3948E-06   3.7598E-06   7.5032E-05   1.0262E-11   1.0262E-11   1.3396E-06   3.1144E+03
     1   20126   9.4021E-06   3.7617E-06   7.5074E-05   1.0267E-11   1.0267E-11   1.3396E-06   3.1146E+03
     1   20127   9.4096E-06   3.7636E-06   7.5115E-05   1.0273E-11   1.0273E-11   1.3396E-06   3.1147E+03
     1   20128   9.4170E-06   3.7655E-06   7.5157E-05   1.0279E-11   1.0279E-11   1.3396E-06   3.1149E+03
     1   20129   9.4246E-06   3.7675E-06   7.5199E-05   1.0284E-11   1.0284E-11   1.3396E-06   3.1150E+03
     1   20130   9.4321E-06   3.7695E-06   7.5241E-05   1.0290E-11   1.0290E-11   1.3397E-06   3.1152E+03
     1   20131   9.4398E-06   3.7714E-06   7.5284E-05   1.0296E-11   1.0296E-11   1.3397E-06   3.1154E+03
     1   20132   9.4475E-06   3.7734E-06   7.5327E-05   1.0302E-11   1.0302E-11   1.3397E-06   3.1155E+03
     1   20133   9.4552E-06   3.7754E-06   7.5371E-05   1.0308E-11   1.0308E-11   1.3397E-06   3.1157E+03
     1   20134   9.4630E-06   3.7775E-06   7.5415E-05   1.0313E-11   1.0313E-11   1.3397E-06   3.1158E+03
     1   20135   9.4709E-06   3.7795E-06   7.5459E-05   1.0319E-11   1.0319E-11   1.3397E-06   3.1160E+03
     1   20136   9.4788E-06   3.7816E-06   7.5503E-05   1.0325E-11   1.0325E-11   1.3397E-06   3.1161E+03
     1   20137   9.4868E-06   3.7837E-06   7.5548E-05   1.0331E-11   1.0331E-11   1.3397E-06   3.1163E+03
     1   20138   9.4948E-06   3.7858E-06   7.5593E-05   1.0338E-11   1.0338E-11   1.3397E-06   3.1164E+03
     1   20139   9.5029E-06   3.7879E-06   7.5638E-05   1.0344E-11   1.0344E-11   1.3397E-06   3.1166E+03
     1   20140   9.5110E-06   3.7900E-06   7.5684E-05   1.0350E-11   1.0350E-11   1.3398E-06   3.1167E+03
     1   20141   9.5192E-06   3.7921E-06   7.5730E-05   1.0356E-11   1.0356E-11   1.3398E-06   3.1169E+03
     1   20142   9.5275E-06   3.7943E-06   7.5777E-05   1.0362E-11   1.0362E-11   1.3398E-06   3.1170E+03
     1   20143   9.5358E-06   3.7965E-06   7.5823E-05   1.0369E-11   1.0369E-11   1.3398E-06   3.1172E+03
     1   20144   9.5441E-06   3.7987E-06   7.5870E-05   1.0375E-11   1.0375E-11   1.3398E-06   3.1173E+03
     1   20145   9.5525E-06   3.8009E-06   7.5918E-05   1.0382E-11   1.0382E-11   1.3398E-06   3.1175E+03
     1   20146   9.5610E-06   3.8031E-06   7.5966E-05   1.0388E-11   1.0388E-11   1.3398E-06   3.1176E+03
     1   20147   9.5695E-06   3.8054E-06   7.6014E-05   1.0394E-11   1.0394E-11   1.3398E-06   3.1178E+03
     1   20148   9.5781E-06   3.8076E-06   7.6062E-05   1.0401E-11   1.0401E-11   1.3398E-06   3.1179E+03
     1   20149   9.5867E-06   3.8099E-06   7.6111E-05   1.0408E-11   1.0408E-11   1.3398E-06   3.1181E+03
     1   20150   9.5954E-06   3.8122E-06   7.6160E-05   1.0414E-11   1.0414E-11   1.3399E-06   3.1182E+03
     1   20151   9.6042E-06   3.8145E-06   7.6209E-05   1.0421E-11   1.0421E-11   1.3399E-06   3.1184E+03
     1   20152   9.6130E-06   3.8168E-06   7.6259E-05   1.0428E-11   1.0428E-11   1.3399E-06   3.1185E+03
     1   20153   9.6218E-06   3.8191E-06   7.6309E-05   1.0434E-11   1.0434E-11   1.3399E-06   3.1187E+03
     1   20154   9.6308E-06   3.8215E-06   7.6359E-05   1.0441E-11   1.0441E-11   1.3399E-06   3.1188E+03
     1   20155   9.6397E-06   3.8239E-06   7.6410E-05   1.0448E-11   1.0448E-11   1.3399E-06   3.1190E+03
     1   20156   9.6488E-06   3.8263E-06   7.6461E-05   1.0455E-11   1.0455E-11   1.3399E-06   3.1192E+03
     1   20157   9.6579E-06   3.8287E-06   7.6512E-05   1.0462E-11   1.0462E-11   1.3399E-06   3.1193E+03
     1   20158   9.6670E-06   3.8311E-06   7.6564E-05   1.0469E-11   1.0469E-11   1.3399E-06   3.1195E+03
     1   20159   9.6762E-06   3.8335E-06   7.6616E-05   1.0476E-11   1.0476E-11   1.3400E-06   3.1196E+03
     1   20160   9.6855E-06   3.8360E-06   7.6668E-05   1.0483E-11   1.0483E-11   1.3400E-06   3.1198E+03
     1   20161   9.6948E-06   3.8384E-06   7.6721E-05   1.0490E-11   1.0490E-11   1.3400E-06   3.1199E+03
     1   20162   9.7042E-06   3.8409E-06   7.6774E-05   1.0497E-11   1.0497E-11   1.3400E-06   3.1201E+03
     1   20163   9.7136E-06   3.8434E-06   7.6827E-05   1.0504E-11   1.0504E-11   1.3400E-06   3.1202E+03
     1   20164   9.7231E-06   3.8459E-06   7.6881E-05   1.0512E-11   1.0512E-11   1.3400E-06   3.1204E+03
     1   20165   9.7327E-06   3.8485E-06   7.6934E-05   1.0519E-11   1.0519E-11   1.3400E-06   3.1205E+03
     1   20166   9.7423E-06   3.8510E-06   7.6989E-05   1.0526E-11   1.0526E-11   1.3400E-06   3.1207E+03
     1   20167   9.7520E-06   3.8536E-06   7.7043E-05   1.0534E-11   1.0534E-11   1.3400E-06   3.1208E+03
     1   20168   9.7617E-06   3.8562E-06   7.7098E-05   1.0541E-11   1.0541E-11   1.3400E-06   3.1210E+03
     1   20169   9.7715E-06   3.8588E-06   7.7154E-05   1.0549E-11   1.0549E-11   1.3401E-06   3.1211E+03
     1   20170   9.7814E-06   3.8614E-06   7.7209E-05   1.0556E-11   1.0556E-11   1.3401E-06   3.1213E+03
     1   20171   9.7913E-06   3.8640E-06   7.7265E-05   1.0564E-11   1.0564E-11   1.3401E-06   3.1214E+03
     1   20172   9.8013E-06   3.8667E-06   7.7321E-05   1.0571E-11   1.0571E-11   1.3401E-06   3.1216E+03
     1   20173   9.8113E-06   3.8693E-06   7.7378E-05   1.0579E-11   1.0579E-11   1.3401E-06   3.1217E+03
     1   20174   9.8214E-06   3.8720E-06   7.7435E-05   1.0587E-11   1.0587E-11   1.3401E-06   3.1219E+03
     1   20175   9.8315E-06   3.8747E-06   7.7492E-05   1.0595E-11   1.0595E-11   1.3401E-06   3.1220E+03
     1   20176   9.8417E-06   3.8774E-06   7.7550E-05   1.0602E-11   1.0602E-11   1.3401E-06   3.1222E+03
     1   20177   9.8520E-06   3.8801E-06   7.7608E-05   1.0610E-11   1.0610E-11   1.3401E-06   3.1223E+03
     1   20178   9.8623E-06   3.8829E-06   7.7666E-05   1.0618E-11   1.0618E-11   1.3402E-06   3.1225E+03
     1   20179   9.8727E-06   3.8856E-06   7.7724E-05   1.0626E-11   1.0626E-11   1.3402E-06   3.1226E+03
     1   20180   9.8832E-06   3.8884E-06   7.7783E-05   1.0634E-11   1.0634E-11   1.3402E-06   3.1228E+03
     1   20181   9.8937E-06   3.8912E-06   7.7842E-05   1.0642E-11   1.0642E-11   1.3402E-06   3.1229E+03
     1   20182   9.9043E-06   3.8940E-06   7.7902E-05   1.0650E-11   1.0650E-11   1.3402E-06   3.1231E+03
     1   20183   9.9149E-06   3.8968E-06   7.7962E-05   1.0658E-11   1.0658E-11   1.3402E-06   3.1232E+03
     1   20184   9.9256E-06   3.8997E-06   7.8022E-05   1.0666E-11   1.0666E-11   1.3402E-06   3.1234E+03
     1   20185   9.9364E-06   3.9025E-06   7.8083E-05   1.0674E-11   1.0674E-11   1.3402E-06   3.1235E+03
     1   20186   9.9472E-06   3.9054E-06   7.8143E-05   1.0683E-11   1.0683E-11   1.3402E-06   3.1237E+03
     1   20187   9.9581E-06   3.9083E-06   7.8205E-05   1.0691E-11   1.0691E-11   1.3403E-06   3.1238E+03
     1   20188   9.9690E-06   3.9112E-06   7.8266E-05   1.0699E-11   1.0699E-11   1.3403E-06   3.1240E+03
     1   20189   9.9800E-06   3.9141E-06   7.8328E-05   1.0708E-11   1.0708E-11   1.3403E-06   3.1241E+03
     1   20190   9.9911E-06   3.9171E-06   7.8390E-05   1.0716E-11   1.0716E-11   1.3403E-06   3.1243E+03
     1   20191   1.0002E-05   3.9200E-06   7.8453E-05   1.0725E-11   1.0725E-11   1.3403E-06   3.1244E+03
     1   20192   1.0013E-05   3.9230E-06   7.8516E-05   1.0733E-11   1.0733E-11   1.3403E-06   3.1246E+03
     1   20193   1.0025E-05   3.9260E-06   7.8579E-05   1.0742E-11   1.0742E-11   1.3403E-06   3.1247E+03
     1   20194   1.0036E-05   3.9290E-06   7.8642E-05   1.0750E-11   1.0750E-11   1.3403E-06   3.1249E+03
     1   20195   1.0047E-05   3.9320E-06   7.8706E-05   1.0759E-11   1.0759E-11   1.3403E-06   3.1250E+03
     1   20196   1.0059E-05   3.9350E-06   7.8770E-05   1.0768E-11   1.0768E-11   1.3403E-06   3.1251E+03
     1   20197   1.0070E-05   3.9381E-06   7.8835E-05   1.0776E-11   1.0776E-11   1.3404E-06   3.1253E+03
     1   20198   1.0082E-05   3.9412E-06   7.8899E-05   1.0785E-11   1.0785E-11   1.3404E-06   3.1255E+03
     1   20199   1.0094E-05   3.9442E-06   7.8965E-05   1.0794E-11   1.0794E-11   1.3404E-06   3.1256E+03
     1   20200   1.0105E-05   3.9473E-06   7.9030E-05   1.0803E-11   1.0803E-11   1.3404E-06   3.1258E+03
 --- Writing Output Files for CFD-VIEW
     1   20201   1.0117E-05   3.9505E-06   7.9096E-05   1.0812E-11   1.0812E-11   1.3404E-06   3.1259E+03
     1   20202   1.0129E-05   3.9536E-06   7.9162E-05   1.0821E-11   1.0821E-11   1.3404E-06   3.1261E+03
     1   20203   1.0141E-05   3.9567E-06   7.9228E-05   1.0830E-11   1.0830E-11   1.3404E-06   3.1262E+03
     1   20204   1.0153E-05   3.9599E-06   7.9295E-05   1.0839E-11   1.0839E-11   1.3404E-06   3.1263E+03
     1   20205   1.0165E-05   3.9631E-06   7.9362E-05   1.0848E-11   1.0848E-11   1.3404E-06   3.1265E+03
     1   20206   1.0177E-05   3.9663E-06   7.9430E-05   1.0857E-11   1.0857E-11   1.3405E-06   3.1266E+03
     1   20207   1.0189E-05   3.9695E-06   7.9498E-05   1.0866E-11   1.0866E-11   1.3405E-06   3.1268E+03
     1   20208   1.0201E-05   3.9727E-06   7.9566E-05   1.0875E-11   1.0875E-11   1.3405E-06   3.1270E+03
     1   20209   1.0214E-05   3.9760E-06   7.9634E-05   1.0884E-11   1.0884E-11   1.3405E-06   3.1271E+03
     1   20210   1.0226E-05   3.9792E-06   7.9703E-05   1.0894E-11   1.0894E-11   1.3405E-06   3.1272E+03
     1   20211   1.0238E-05   3.9825E-06   7.9772E-05   1.0903E-11   1.0903E-11   1.3405E-06   3.1274E+03
     1   20212   1.0251E-05   3.9858E-06   7.9841E-05   1.0913E-11   1.0913E-11   1.3405E-06   3.1275E+03
     1   20213   1.0263E-05   3.9891E-06   7.9911E-05   1.0922E-11   1.0922E-11   1.3405E-06   3.1277E+03
     1   20214   1.0276E-05   3.9924E-06   7.9981E-05   1.0931E-11   1.0931E-11   1.3405E-06   3.1278E+03
     1   20215   1.0289E-05   3.9958E-06   8.0052E-05   1.0941E-11   1.0941E-11   1.3406E-06   3.1280E+03
     1   20216   1.0301E-05   3.9991E-06   8.0122E-05   1.0951E-11   1.0951E-11   1.3406E-06   3.1281E+03
     1   20217   1.0314E-05   4.0025E-06   8.0193E-05   1.0960E-11   1.0960E-11   1.3406E-06   3.1283E+03
     1   20218   1.0327E-05   4.0059E-06   8.0265E-05   1.0970E-11   1.0970E-11   1.3406E-06   3.1284E+03
     1   20219   1.0340E-05   4.0093E-06   8.0336E-05   1.0980E-11   1.0980E-11   1.3406E-06   3.1285E+03
     1   20220   1.0353E-05   4.0127E-06   8.0409E-05   1.0989E-11   1.0989E-11   1.3406E-06   3.1287E+03
     1   20221   1.0366E-05   4.0161E-06   8.0481E-05   1.0999E-11   1.0999E-11   1.3406E-06   3.1289E+03
     1   20222   1.0379E-05   4.0196E-06   8.0554E-05   1.1009E-11   1.1009E-11   1.3406E-06   3.1290E+03
     1   20223   1.0393E-05   4.0231E-06   8.0627E-05   1.1019E-11   1.1019E-11   1.3406E-06   3.1292E+03
     1   20224   1.0406E-05   4.0266E-06   8.0700E-05   1.1029E-11   1.1029E-11   1.3407E-06   3.1293E+03
     1   20225   1.0419E-05   4.0301E-06   8.0774E-05   1.1039E-11   1.1039E-11   1.3407E-06   3.1295E+03
     1   20226   1.0433E-05   4.0336E-06   8.0848E-05   1.1049E-11   1.1049E-11   1.3407E-06   3.1296E+03
     1   20227   1.0446E-05   4.0371E-06   8.0922E-05   1.1059E-11   1.1059E-11   1.3407E-06   3.1298E+03
     1   20228   1.0460E-05   4.0407E-06   8.0997E-05   1.1069E-11   1.1069E-11   1.3407E-06   3.1299E+03
     1   20229   1.0474E-05   4.0442E-06   8.1072E-05   1.1079E-11   1.1079E-11   1.3407E-06   3.1301E+03
     1   20230   1.0487E-05   4.0478E-06   8.1147E-05   1.1089E-11   1.1089E-11   1.3407E-06   3.1302E+03
     1   20231   1.0501E-05   4.0514E-06   8.1223E-05   1.1100E-11   1.1100E-11   1.3407E-06   3.1303E+03
     1   20232   1.0515E-05   4.0550E-06   8.1299E-05   1.1110E-11   1.1110E-11   1.3407E-06   3.1305E+03
     1   20233   1.0529E-05   4.0587E-06   8.1375E-05   1.1120E-11   1.1120E-11   1.3408E-06   3.1306E+03
     1   20234   1.0543E-05   4.0623E-06   8.1452E-05   1.1131E-11   1.1131E-11   1.3408E-06   3.1308E+03
     1   20235   1.0557E-05   4.0660E-06   8.1529E-05   1.1141E-11   1.1141E-11   1.3408E-06   3.1309E+03
     1   20236   1.0571E-05   4.0696E-06   8.1606E-05   1.1152E-11   1.1152E-11   1.3408E-06   3.1311E+03
     1   20237   1.0585E-05   4.0733E-06   8.1684E-05   1.1162E-11   1.1162E-11   1.3408E-06   3.1312E+03
     1   20238   1.0600E-05   4.0771E-06   8.1762E-05   1.1173E-11   1.1173E-11   1.3408E-06   3.1314E+03
     1   20239   1.0614E-05   4.0808E-06   8.1840E-05   1.1183E-11   1.1183E-11   1.3408E-06   3.1315E+03
     1   20240   1.0629E-05   4.0845E-06   8.1919E-05   1.1194E-11   1.1194E-11   1.3408E-06   3.1317E+03
     1   20241   1.0643E-05   4.0883E-06   8.1998E-05   1.1205E-11   1.1205E-11   1.3408E-06   3.1318E+03
     1   20242   1.0658E-05   4.0921E-06   8.2077E-05   1.1215E-11   1.1215E-11   1.3409E-06   3.1320E+03
     1   20243   1.0672E-05   4.0958E-06   8.2157E-05   1.1226E-11   1.1226E-11   1.3409E-06   3.1321E+03
     1   20244   1.0687E-05   4.0997E-06   8.2237E-05   1.1237E-11   1.1237E-11   1.3409E-06   3.1323E+03
     1   20245   1.0702E-05   4.1035E-06   8.2317E-05   1.1248E-11   1.1248E-11   1.3409E-06   3.1324E+03
     1   20246   1.0717E-05   4.1073E-06   8.2398E-05   1.1259E-11   1.1259E-11   1.3409E-06   3.1326E+03
     1   20247   1.0732E-05   4.1112E-06   8.2479E-05   1.1270E-11   1.1270E-11   1.3409E-06   3.1327E+03
     1   20248   1.0747E-05   4.1150E-06   8.2560E-05   1.1281E-11   1.1281E-11   1.3409E-06   3.1328E+03
     1   20249   1.0762E-05   4.1189E-06   8.2642E-05   1.1292E-11   1.1292E-11   1.3409E-06   3.1330E+03
     1   20250   1.0777E-05   4.1228E-06   8.2723E-05   1.1303E-11   1.1303E-11   1.3409E-06   3.1331E+03
     1   20251   1.0793E-05   4.1268E-06   8.2806E-05   1.1314E-11   1.1314E-11   1.3410E-06   3.1333E+03
     1   20252   1.0808E-05   4.1307E-06   8.2888E-05   1.1325E-11   1.1325E-11   1.3410E-06   3.1334E+03
     1   20253   1.0823E-05   4.1346E-06   8.2971E-05   1.1336E-11   1.1336E-11   1.3410E-06   3.1336E+03
     1   20254   1.0839E-05   4.1386E-06   8.3055E-05   1.1348E-11   1.1348E-11   1.3410E-06   3.1338E+03
     1   20255   1.0854E-05   4.1426E-06   8.3138E-05   1.1359E-11   1.1359E-11   1.3410E-06   3.1339E+03
     1   20256   1.0870E-05   4.1466E-06   8.3222E-05   1.1370E-11   1.1370E-11   1.3410E-06   3.1341E+03
     1   20257   1.0886E-05   4.1506E-06   8.3306E-05   1.1382E-11   1.1382E-11   1.3410E-06   3.1342E+03
     1   20258   1.0902E-05   4.1546E-06   8.3391E-05   1.1393E-11   1.1393E-11   1.3410E-06   3.1343E+03
     1   20259   1.0918E-05   4.1587E-06   8.3476E-05   1.1405E-11   1.1405E-11   1.3410E-06   3.1345E+03
     1   20260   1.0934E-05   4.1628E-06   8.3561E-05   1.1416E-11   1.1416E-11   1.3411E-06   3.1346E+03
     1   20261   1.0950E-05   4.1668E-06   8.3647E-05   1.1428E-11   1.1428E-11   1.3411E-06   3.1348E+03
     1   20262   1.0966E-05   4.1709E-06   8.3733E-05   1.1439E-11   1.1439E-11   1.3411E-06   3.1349E+03
     1   20263   1.0982E-05   4.1750E-06   8.3819E-05   1.1451E-11   1.1451E-11   1.3411E-06   3.1351E+03
     1   20264   1.0998E-05   4.1792E-06   8.3905E-05   1.1463E-11   1.1463E-11   1.3411E-06   3.1352E+03
     1   20265   1.1015E-05   4.1833E-06   8.3992E-05   1.1475E-11   1.1475E-11   1.3411E-06   3.1354E+03
     1   20266   1.1031E-05   4.1875E-06   8.4080E-05   1.1486E-11   1.1486E-11   1.3411E-06   3.1355E+03
     1   20267   1.1048E-05   4.1917E-06   8.4167E-05   1.1498E-11   1.1498E-11   1.3411E-06   3.1357E+03
     1   20268   1.1064E-05   4.1958E-06   8.4255E-05   1.1510E-11   1.1510E-11   1.3411E-06   3.1358E+03
     1   20269   1.1081E-05   4.2001E-06   8.4343E-05   1.1522E-11   1.1522E-11   1.3412E-06   3.1360E+03
     1   20270   1.1098E-05   4.2043E-06   8.4432E-05   1.1534E-11   1.1534E-11   1.3412E-06   3.1361E+03
     1   20271   1.1115E-05   4.2085E-06   8.4521E-05   1.1546E-11   1.1546E-11   1.3412E-06   3.1363E+03
     1   20272   1.1132E-05   4.2128E-06   8.4610E-05   1.1558E-11   1.1558E-11   1.3412E-06   3.1364E+03
     1   20273   1.1149E-05   4.2170E-06   8.4699E-05   1.1570E-11   1.1570E-11   1.3412E-06   3.1366E+03
     1   20274   1.1166E-05   4.2213E-06   8.4789E-05   1.1582E-11   1.1582E-11   1.3412E-06   3.1367E+03
     1   20275   1.1183E-05   4.2256E-06   8.4880E-05   1.1595E-11   1.1595E-11   1.3412E-06   3.1368E+03
     1   20276   1.1200E-05   4.2300E-06   8.4970E-05   1.1607E-11   1.1607E-11   1.3412E-06   3.1370E+03
     1   20277   1.1218E-05   4.2343E-06   8.5061E-05   1.1619E-11   1.1619E-11   1.3413E-06   3.1371E+03
     1   20278   1.1235E-05   4.2386E-06   8.5152E-05   1.1632E-11   1.1632E-11   1.3413E-06   3.1373E+03
     1   20279   1.1253E-05   4.2430E-06   8.5244E-05   1.1644E-11   1.1644E-11   1.3413E-06   3.1374E+03
     1   20280   1.1271E-05   4.2474E-06   8.5336E-05   1.1656E-11   1.1656E-11   1.3413E-06   3.1376E+03
     1   20281   1.1288E-05   4.2518E-06   8.5428E-05   1.1669E-11   1.1669E-11   1.3413E-06   3.1377E+03
     1   20282   1.1306E-05   4.2562E-06   8.5520E-05   1.1681E-11   1.1681E-11   1.3413E-06   3.1379E+03
     1   20283   1.1324E-05   4.2606E-06   8.5613E-05   1.1694E-11   1.1694E-11   1.3413E-06   3.1380E+03
     1   20284   1.1342E-05   4.2651E-06   8.5706E-05   1.1707E-11   1.1707E-11   1.3413E-06   3.1382E+03
     1   20285   1.1360E-05   4.2696E-06   8.5800E-05   1.1719E-11   1.1719E-11   1.3413E-06   3.1383E+03
     1   20286   1.1378E-05   4.2740E-06   8.5894E-05   1.1732E-11   1.1732E-11   1.3414E-06   3.1385E+03
     1   20287   1.1397E-05   4.2785E-06   8.5988E-05   1.1745E-11   1.1745E-11   1.3414E-06   3.1386E+03
     1   20288   1.1415E-05   4.2830E-06   8.6082E-05   1.1758E-11   1.1758E-11   1.3414E-06   3.1388E+03
     1   20289   1.1433E-05   4.2876E-06   8.6177E-05   1.1770E-11   1.1770E-11   1.3414E-06   3.1389E+03
     1   20290   1.1452E-05   4.2921E-06   8.6272E-05   1.1783E-11   1.1783E-11   1.3414E-06   3.1391E+03
     1   20291   1.1471E-05   4.2967E-06   8.6368E-05   1.1796E-11   1.1796E-11   1.3414E-06   3.1392E+03
     1   20292   1.1489E-05   4.3013E-06   8.6464E-05   1.1809E-11   1.1809E-11   1.3414E-06   3.1394E+03
     1   20293   1.1508E-05   4.3058E-06   8.6560E-05   1.1822E-11   1.1822E-11   1.3414E-06   3.1396E+03
     1   20294   1.1527E-05   4.3105E-06   8.6656E-05   1.1835E-11   1.1835E-11   1.3415E-06   3.1397E+03
     1   20295   1.1546E-05   4.3151E-06   8.6753E-05   1.1848E-11   1.1848E-11   1.3415E-06   3.1399E+03
     1   20296   1.1565E-05   4.3197E-06   8.6850E-05   1.1861E-11   1.1861E-11   1.3415E-06   3.1400E+03
     1   20297   1.1584E-05   4.3244E-06   8.6948E-05   1.1875E-11   1.1875E-11   1.3415E-06   3.1402E+03
     1   20298   1.1604E-05   4.3290E-06   8.7046E-05   1.1888E-11   1.1888E-11   1.3415E-06   3.1404E+03
     1   20299   1.1623E-05   4.3337E-06   8.7144E-05   1.1901E-11   1.1901E-11   1.3415E-06   3.1406E+03
     1   20300   1.1642E-05   4.3384E-06   8.7242E-05   1.1915E-11   1.1915E-11   1.3415E-06   3.1407E+03
     1   20301   1.1662E-05   4.3432E-06   8.7341E-05   1.1928E-11   1.1928E-11   1.3415E-06   3.1409E+03
     1   20302   1.1682E-05   4.3479E-06   8.7440E-05   1.1941E-11   1.1941E-11   1.3415E-06   3.1410E+03
     1   20303   1.1701E-05   4.3526E-06   8.7540E-05   1.1955E-11   1.1955E-11   1.3416E-06   3.1411E+03
     1   20304   1.1721E-05   4.3574E-06   8.7640E-05   1.1968E-11   1.1968E-11   1.3416E-06   3.1413E+03
     1   20305   1.1741E-05   4.3622E-06   8.7740E-05   1.1982E-11   1.1982E-11   1.3416E-06   3.1414E+03
     1   20306   1.1761E-05   4.3670E-06   8.7840E-05   1.1995E-11   1.1995E-11   1.3416E-06   3.1416E+03
 
 [INFO]: (read_mod_file) Reading RAM_C_II.MOD on CYCLE     306
         Line    1: STOP
         SUCCESS: FASTRAN will stop immediately after current cycle, without
         saving restart/solution data to the DTF file.
         NOTE: The use of 'STOP' keyword has changed from FASTRAN version
         2006 to 2007.  If you want the solver to save the results before
         stopping, use the 'Save and Stop' button or use STOP_NORMAL in
         the MOD file.  Starting with 2007, the STOP button puts the word
         STOP_ABORT into the MOD file (same behavior as CFD-ACE+).
 
 *******************************************************************************
  
 --- Cycles Completed
  
 --- Program Execution Completed - Normal Completion. 
  
