 
 *******************************************************************************
 ******************** C F D - F A S T R A N - S O L V E R  *********************
 *******************************************************************************
 
 Date                       : 06/11/2017 20:27:03
 DTF File Name              : Main_Apollo_Command_Module_Edit_11.DTF
 CFD-FASTRAN-GUI Version    : V2014.0.0
 CFD-FASTRAN-SOLVER Version : V2014.0.1.8 DTF V7.8.6 07/15/2014 14:09:26
 Build platform             : KELVIN pc-windows-nt6-x86_64 CYGWIN_NT-6.1-WOW64 1.7.18(0.263/5/3) i686
 Working Simulation Number  : 1
 System Information          
                Machine Name: SLICK
                OS Name     : 
                OS Release  : 
                OS Version  : 
 
 *******************************************************************************
 ************************ I N P U T   S U M M A R Y ****************************
 *******************************************************************************
 -------------------------------------------------------------------------------
                          FASTRAN Model Description                             
 -------------------------------------------------------------------------------
 Model Name       :  Main_Apollo_Command_Module_Edit_11
 Problem Title    :  None
 Geometry Scaling :  1.000
 File Source      :  CFD-GEOM V2014.0.0.12
 File DTF Version :  7.8.6
 
 -------------------------------------------------------------------------------
                          Problem Specifications                                
 -------------------------------------------------------------------------------
 NZONES    NCYCLES    STEADY    NSUBCYCLES   AXI-SYM    OVERSET
      2       5000         0             1         T          0
 
 -------------------------------------------------------------------------------
                          Function Definition / Timing                          
 -------------------------------------------------------------------------------
 MOTION_MODELS    START_TIME    END_TIME    PLOT_FORMAT   FORCE_SUMMARIES
             0     0.000E+00   0.100E+01              1              0
 MONITOR_POINTS    FORCE_BY_SECTIONS
              0                    0
 
 -------------------------------------------------------------------------------
                          Cycle Output-Control Flags                            
 -------------------------------------------------------------------------------
 RESTART FREQ   UNIQUE FILES   CHIMERA HOLE-CUT FREQ   6DOF OUTPUT FREQ  
          100              F                   Never                  1
 
 -------------------------------------------------------------------------------
                          Tolerances                                            
 -------------------------------------------------------------------------------
 TINY_LIMIT     BIG_LIMIT    GEOM_MINIMUM    CONVERGENCE_EPSILON
  0.100E-19     0.100E+21       0.100E-19              0.100E-19
 
 -------------------------------------------------------------------------------
                          Tolerances for Chimera Hole Cutting                   
 -------------------------------------------------------------------------------
 EPSILON_DIST    EPSILON_AREA    EPSILON_RATIO
    0.100E-13       0.100E-04        0.100E-04
 
 -------------------------------------------------------------------------------
                          Thermo and Transport                                  
 -------------------------------------------------------------------------------
 Gas_Model
    Calorically Perfect Gas (0)
 Mol_Weight     Ratio Specific Heats    Pr_laminar    Pr_turbulence
   29.0                     1.40         0.700            0.900    
 
 -------------------------------------------------------------------------------
                          Zone Control                                          
 -------------------------------------------------------------------------------
 Zone Number  Subcycles   CFL_Start/dt    CFL_End/dt    Ramping Cycles
           1          1      0.100E+00     0.100E+01              2000
           2          1      0.100E+00     0.100E+01              2000
 
 -------------------------------------------------------------------------------
                          ZONE:            1
 -------------------------------------------------------------------------------
 Zone  CellType  Chimera  Moves/Deforms  T_Scheme  nStage  Inner  Inntol
    1         1        0              0         6       1     20   0.10E-03
 Ivisc   Flux   S_scheme   Limit_N   Limit_L    Entf_L    Entf_N    Kappa
     0      1          4         1         1      0.30      0.30     0.00
 Initial solution will be read from the DTF file.
 
 -------------------------------------------------------------------------------
                          ZONE:            2
 -------------------------------------------------------------------------------
 Zone  CellType  Chimera  Moves/Deforms  T_Scheme  nStage  Inner  Inntol
    2         1        0              0         6       1     20   0.10E-03
 Ivisc   Flux   S_scheme   Limit_N   Limit_L    Entf_L    Entf_N    Kappa
     0      1          4         1         1      0.30      0.30     0.00
 Initial solution will be read from the DTF file.
 
 *******************************************************************************
 ************************** M E S H   S U M M A R Y ****************************
 *******************************************************************************
 
 Grid Type: Quadrilaterals/Structured
 
      Zone   I-Dimension   J-Dimension   K-Dimension    Cells
      ----   -----------   -----------   -----------    -----
        1         178            59             2       10266
        2         178            59             2       10266
 
 Total Cell Count:        20532
 
 *******************************************************************************
 ******************* S I M U L A T I O N   S T A R T U P ***********************
 *******************************************************************************
 
 
 --- Allocating Q, XYZ, AREA, VOL 
 
     Allocated  0.290     8-byte MWords for zone    1
     Allocated  0.290     8-byte MWords for zone    2
 
 --- Estimating memory for time-integration
 
     Requires   1.33     8-byte MWords
 
 --- Allocating IBLANK, IFPOIN, ICPOIN, IFCELL
 
     Allocated  0.210E-01 4-byte MWords for zone    1
     Allocated  0.210E-01 4-byte MWords for zone    2
 
 --- TOTAL:      1.914 8-byte MWords.
 --- TOTAL:      0.042 4-byte MWords.
 --- SUM TOTAL:     15.478 MBytes.
 
 *******************************************************************************
 ******************** S I M U L A T I O N   O U T P U T ************************
 *******************************************************************************
 
 ZONE    ITER     CHANGE_Q     RES_IMPF        DTMIN        DTMAX    FLOW_TIME     CPU_TIME
     1  227929   1.9946E-14   1.5183E-05   5.9918E-07   5.9918E-07   1.0000E+00   1.6557E+04
     2  227929   7.9207E-16   1.6402E-05   5.9918E-07   5.9918E-07   1.0000E+00   1.6557E+04
 
 [INFO]: (cycle) User specified max simulation time of    1.00000000000000      
  s has been exceeded.
 
 
 --- Writing Output Files for CFD-VIEW
 *******************************************************************************
  
 --- Cycles Completed
  
 --- Program Execution Completed - Normal Completion. 
  
